0000    = normal
0001    = Fault
0002    = Internal circuit error
0101    = PLC ready OFF during operation
0102    = Servo Ready OFF
0103    = Test mode error during operation
0104    = Hardware stroke limit +
0105    = Hardware Stroke Limit
0106    = Stop signal ON at start
0107    = PLC ready during BUSY OFF ¡æ ON
0108    = Can't start
0109    = Servo amplifier series error
0190    = Operation cycle over error
0201    = Originating Dong
0203    = Dog detection timing error
0206    = Counted movement amount or more
0207    = Home Return Request ON
0209    = Home position return restart impossible
0210    = Home Return Zero Not Passed
0211    = ZCT lead error
0212    = ABS reference point lead error
0215    = Pulse conversion unit clear output OFF Wait error
0230    = Encoder absolute position data not established
0231    = N phase pass parameter negation
0232    = Homing method
0300    = JOG speed out of range
0301    = Inching Movement Error
0502    = Data No. Negation
0503    = No command speed
0504    = Out of range of linear movement
0506    = Large arc error difference
0507    = Software stroke limit +
0508    = Stroke limit +
0514    = Out of current value change range
0515    = Current value can not be changed
0516    = Cannot control continuous and continuous trajectories
0518    = Outside of driving pattern
0519    = Relative axis BUSY interpolation
0520    = Unit group mismatch
0521    = Interpolation technique command negation
0522    = Command speed setting error
0523    = Interpolation Mode Error
0524    = Control method setting error
0525    = Auxiliary point setting error
0526    = Endpoint setting error
0527    = Center point setting error
0530    = Out of address range
0532    = Simultaneous start impossibility
0533    = Condition data error
0534    = Special start command error
0535    = Circular interpolation is impossible
0536    = M code ON signal ON start
0537    = PLC Ready OFF Start
0538    = Ready OFF Start
0543    = Starting number range
0544    = Out of radius
0545    = Control method LOOP setting error
0546    = ABS direction setting is negative during degree
0547    = Start when Home Return is not completed
0550    = Stopper control not supported
0551    = Automatic control mode switching outside parameter range
0800    = Hold error
0801    = Flash ROM Join Error
0802    = Flash ROM sum check error
0803    = PLC CPU error
0804    = Dedicated Command Error
0805    = Flash ROM Write Count Error
0806    = Dedicated Instruction I / F Error
0808    = Normal operation mode ¡æ No amplifier Error when switching operation mode
0809    = Operation without amplifier ¡æ Error when switching from normal operation mode
0900    = Out of unit setting range
0901    = Out of range of 1 pulse
0902    = Out of range of 1 rotation
0903    = Out of unit magnification range
0906    = Out of bias speed range
0907    = Outside electronic gear setting range
0910    = Speed limit out of range
0911    = Acceleration time out of range
0912    = Deceleration time out of 0 range
0920    = Backlash Compensation Error
0921    = Software stroke limit upper limit
0922    = Software stroke limit lower limit
0923    = Software stroke limit selection
0924    = Enable / Disable Software Stroke Limit
0925    = Command Information Range
0926    = Negative torque limit setting
0927    = M code ON timing error
0928    = Speed change mode error
0929    = Interpolation speed adjustment method error
0930    = Current value update request error
0932    = Manual pulser input mode error
0935    = Speed and position function selection error
0936    = External signal selection error
0937    = Emergency stop valid / invalid setting error
0938    = Input signal logic selection error
0950    = Acceleration time 1 setting error
0951    = Acceleration time 2 setting error
0952    = Acceleration time 3 setting error
0953    = Deceleration time 1 setting error
0954    = Deceleration time 2 setting error
0955    = Deceleration time 3 setting error
0956    = JOG speed limit error
0958    = JOG acceleration time selection setting error
0959    = Acceleration / Deceleration processing selection setting error
0960    = S-shape rate setting error
0961    = Abrupt stop deceleration time
0962    = Stop group 1 sudden stop selection error
0963    = Stop group 2 sudden stop selection error
0964    = Stop group 3 sudden stop selection error
0966    = Circular interpolation error out of tolerance
0967    = External command function selection error
0970    = Restart tolerance error
0971    = Degree Axis speed 10x designation error
0972    = Master axis error
0973    = Master axis number error
0974    = Master axis designation error
0975    = Communication setting error between drives
0976    = Manual pulser / INC synchronous encoder input type selection error
0977    = Speed and torque control mode operation setting error
0978    = External command signal selection error
0979    = ABS synchronous encoder non-compliant error
0980    = Homing method error
0981    = Homing direction error
0982    = Origin address setting error
0983    = Home position return speed error
0984    = Creep Speed Error
0985    = Homing Retry Error
0991    = Movement amount setting error after proximity dog ON
0992    = Homing acceleration time selection error
0993    = Home position return deceleration time selection error
0997    = Homing torque limit value error
0998    = Speed specification error during home shift
0999    = Calculation cycle setting error
1000	= Pulse conversion unit homing request setting error
1001	= Error out of waiting time after pulse conversion unit clear signal output
1002	= Pulse conversion unit parameter error
1003	= SSCNET setup error
1201	= Origin data negation
1205	= SSCNET Communication abnormal
2010	= Voltage Under
2011	= Switch Setup abnormal
2012	= Memory abnormal 1(RAM)
2013	= Clock abnormal
2014	= Control processing abnormal
2015	= Memory error 2 (EEP-ROM)
2016	= Encoder initial communication error 1
2017	= Board over
2019	= Memory error 3 (FLASH-ROM)
2020	= Encoder normal communication error 1
2021	= Encoder normal communication error 2
2024	= Main circuit error
2025	= Absolute position loss
2027	= Initial stimulus detection abnormality
2028	= Linear encoder abnormal 2
2030	= Regenerative disorder
2031	= Overspeed
2032	= Overcurrent
2033	= Overvoltage
2034	= SSCNET Receive Error 1
2035	= Command frequency error
2036	= SSCNET Receive Error 2
2037	= Parameter error
2042	= Servo control error
2045	= Main circuit element overheat
2046	= Servo motor overheat
2047	= Cooling fan abnormal
2050	= Overload 1
2051	= Overload 2
2052	= Excessive error
2054	= Rash detection
2056	= Forced stop or more
2060	= Servo motor combination error
2061	= Linear encoder or above 1
2063	= STO timing error or encoder initial communication error 2
2064	= Encoder initial communication error 3
2088	= Watch dog
2913	= Encoder counter error
2918	= Inrush current suppression circuit error
2922	= Over driving mode
2948	= USB communication timeout error / Serial communication timeout error
2952	= USB communication error / Serial communication error