10000   = Incorrect.Msg.Size.In.Header
10001   = UnknownProtocolVer
10002   = UnknownCommandType
10003   = UnknownUserDataFamily
10004   = UnknownUserDataId
10005   = IncorrectMsgSize
10006   = ParameterOutOfRange
10007   = InternalXmlFileNotFound
10008   = ReadNotAllowed
10009   = WriteNotAllowed
10010   = MaxStringLengthExceeded
10011   = MaxJobNoExceeded
10012   = JobCreationFailed
10013   = NoJobsAssigned
10014   = JobAlreadyAssigned
10015   = SelectingUnassignedJob
10016   = JobNotLoaded
10017   = PreprocXmlFileNotFound
10018   = ArtworkOutsideTableLimits
10019   = InternalError
10020   = CommsWithPhotoheadFailed
10021   = StripFileNotFound
10022   = IncorrectLensMagnFactor
10023   = NoConnectionToAnnounceServer
10024   = BusyLoadingToSsd
10025   = BusyPrePrinting
10026   = BusyPrinting
10027   = PrePrintRequired
10028   = NotAllowedWithJobsAssigned
10029   = FunctionNotImplementedInLuria
10030   = DirectoryNotFound
10031   = TimeoutWaitingForSsd
10032   = CommandSizeTooLarge
10033   = InvalidPhCmdControlValue
10034   = IncompatibleRotatePhotoheadSetting
10035   = TimeoutWaitingForTrigs
10036   = RegistrationError
10037   = LicenseError
10038   = InvalidPhCommand
10039   = InvalidZoneNumber
10040   = PhotoheadOffsetOutsideValidRange
10041   = CrcErrorWriteSsd
10042   = CrcErrorReadSsd
10043   = CommsWithPhotoheadDisabled
10044   = IncompatibleNumPhotoheadsPitchSetting
10045   = JobPreprocessedWithOutdatedVersion
10046   = DataUnderflow
10047   = DcodeNotFound
10048   = StringTooLong
10049   = TooManyFiducials
10050   = InvalidParamVal
10051   = InvalidFormatSerialNum
10052   = PanelDataOutsidePlaceholder
10053   = UdpErrorMotionCtrl
10054   = XcorrectionTableTooLarge
10055   = BusySimulatingPrint
10056   = FixedRegistrationNotSet
10057   = JobBusyProcessing
10058   = InitHardwareFailed
10059   = NeedToRunInitHardware
10060   = Unused
10061   = IncompatibleSpxFactor
10062   = LuriaDiskFailureWarning
10063   = LuriaDiskFullWarning
10064   = MotionControllerError
10065   = PanelDataConflictingPositions
10066   = PanelDataTextTooLong
10067   = IncompatiblePrintDirection
10068   = FuncNotAvailForCurrMotorcontroller
10069   = YcorrectionTableTooLarge
10070   = MixedPhotoheadFwVersions
10071   = PreprocStripTooLong
10072   = InvalidFirmwareVersion
10073   = InvalidPhotoheadType
10074   = BusyUpgradingFirmware
10075   = AutoUpgradeNotSupported
10076   = FirmwareUpgradeFailed
10077   = LightSourceNotConnected
10078   = FunctionNotAvailable
10079   = FocusMotorOperationFailed
10080   = StripFileSizeTooLarge
10081   = JobExceedsStripLimit
10082   = CopyAfLastStripeNotPossible
10083   = LightSourceStatusFailed
10084   = FocusMotorNotInitialized
10085   = WarningWarpOutsideFpgaLimits
10086   = TrigFreqTooHigh
10087   = InconsistentSettingsInHeads
10088   = InvalidTablePosition
10089   = NumberOfEntriesExceeded
10090   = PanelThicknessEntryNotFound