0003=Interpolation error (interpolated position control) (Acceleration limit exceeded / Speed limit exceeded / Index error)
0005=Error caused by warning
0006=Digital Input External Hardware (Digital input / Analog input (broken cale))
0007=Error in interal hardware (FC2)
0009=Hiperface / EnDat OEM dat incorrect
0010=dirve-setup-tool heartbeat
0011=Communication / bus system error (Faulty telegram ID / Zero data telegram / CRC error / Synchronization error / Configuration error / NMT error / Addressing error / Node Guarding / EEPROM error / Heartbeat / Watchdog)
0012=Mains Ready for operation is missing
0015=Endat / Hiperface communication faulty
0017=FPGA power output stage shutdown
0018=Error in spindle selection
0025=Power supply load too high
0026=Motor temperature too high
0027=Ambient temperature too high
0028=Power output stage temperature
0029=Motor load too high (Motor l2t)
0030=Power output stage load too high
0031=Speed error or slip too great
0033=Power supply load monitoring -> mains voltage too high
0034=Power supply load monitoring -> mains voltage too low
0035=Error in external power supply unit
0036=Encoder 0 monitoring
0037=Ballast circuit load (l2t ballast registor) (l2t / (VCE) desaturation detection or DC converter overload)
0038=Actual speed value greater than overspeed threshold
0039=Tracking error monitoring and motor slowdown
0040=Motor feedback
0041=Motor phase lost (No motor connected / Wrong motor connected)
0042=Over voltage in DC link
0043=Under voltage in DC link
0044=Communication lost (EMF monitoring / Flux monitoring / Over current monitoring / Under flux monitoring / Error during alignment / Current limitation V/F oscilates)
0045=Short circuit in power output stage (Internal short circuit / (VCE) desaturation detection / Short to ground / Current measuring range / Overload motor)
0046=Safety circuit (Safety X10)
0047=Drive parameters not activated
0055=Firmware stopped by ESC
0056=Device configuration
0057=Faulty or no firmware
0058=FPGA watchdog triggered
0059=No drive parameters loaded
0060=Drive parameters incorrect
0061=Logic coding missing or incorrect
0062=Error in electronic type plate
0067=Software Quick Stop
0068=Input Quick Stop
0071=Negative Position Limit software
0072=Positive Position Limit software
0075=Negative Position Limit software
0076=Positive Position Limit switch
0266=Wrong Parameter Value
0267=Object Not Found
0268=Wrong Object Size
0277=Wrong Command
0279=Command Cancel
0280=Machine Stop
0320=Not Calibrated
0321=Profile Error
0323=SG Cmd Busy or slave busy
0324=Not Operation Enabled
0325=Illegal Cal Method
0326=Illegal Drive No
0328=Not Ready To Switch On
0331=Velocity Out Of Limits
0333=Change On The Fly
0334=Not In Gantry Mode
0335=Wrong Master
0336=Emergency Stop
0337=Limit Switch Positive
0338=Limit Switch Negative
0339=Position Out Of Limits
0340=Parameter Out Of Limits
0346=Power Stage Off
0347=Gantry Positions Not Equal
0348=Not In Hold Mode
0349=Power Stage On
0350=Acceleration Out Of Limits
0351=Jerk Out Of Limits (S curve error)
0352=Tracking Error Gantry